<?xml version="1.0" encoding="UTF-8"?>
<testsuite name="TestBlock" tests="1" skipped="0" failures="0" errors="0" timestamp="2019-07-22T14:41:57" hostname="AdminRex" time="0.003">
  <properties/>
  <testcase name="testBlockCreation" classname="TestBlock" time="0.003"/>
  <system-out><![CDATA[]]></system-out>
  <system-err><![CDATA[]]></system-err>
</testsuite>
